Traceback (most recent call last):
  File "/opt/hostedtoolcache/Python/3.8.14/x64/lib/python3.8/site-packages/jupyter_cache/executors/utils.py", line 51, in single_nb_execution
    executenb(
  File "/opt/hostedtoolcache/Python/3.8.14/x64/lib/python3.8/site-packages/nbclient/client.py", line 1204, in execute
    return NotebookClient(nb=nb, resources=resources, km=km, **kwargs).execute()
  File "/opt/hostedtoolcache/Python/3.8.14/x64/lib/python3.8/site-packages/nbclient/util.py", line 84, in wrapped
    return just_run(coro(*args, **kwargs))
  File "/opt/hostedtoolcache/Python/3.8.14/x64/lib/python3.8/site-packages/nbclient/util.py", line 62, in just_run
    return loop.run_until_complete(coro)
  File "/opt/hostedtoolcache/Python/3.8.14/x64/lib/python3.8/asyncio/base_events.py", line 616, in run_until_complete
    return future.result()
  File "/opt/hostedtoolcache/Python/3.8.14/x64/lib/python3.8/site-packages/nbclient/client.py", line 663, in async_execute
    await self.async_execute_cell(
  File "/opt/hostedtoolcache/Python/3.8.14/x64/lib/python3.8/site-packages/nbclient/client.py", line 965, in async_execute_cell
    await self._check_raise_for_error(cell, cell_index, exec_reply)
  File "/opt/hostedtoolcache/Python/3.8.14/x64/lib/python3.8/site-packages/nbclient/client.py", line 862, in _check_raise_for_error
    raise CellExecutionError.from_cell_and_msg(cell, exec_reply_content)
nbclient.exceptions.CellExecutionError: An error occurred while executing the following cell:
------------------
@homemade_skip_decorator(3.9 < 3.0)
def test_runs():
    raise RuntimeError("This test is run")


test_runs()
------------------

[0;31m---------------------------------------------------------------------------[0m
[0;31mRuntimeError[0m                              Traceback (most recent call last)
Cell [0;32mIn [53], line 6[0m
[1;32m      1[0m [38;5;129m@homemade_skip_decorator[39m([38;5;241m3.9[39m [38;5;241m<[39m [38;5;241m3.0[39m)
[1;32m      2[0m [38;5;28;01mdef[39;00m [38;5;21mtest_runs[39m():
[1;32m      3[0m     [38;5;28;01mraise[39;00m [38;5;167;01mRuntimeError[39;00m([38;5;124m"[39m[38;5;124mThis test is run[39m[38;5;124m"[39m)
[0;32m----> 6[0m [43mtest_runs[49m[43m([49m[43m)[49m

Cell [0;32mIn [53], line 3[0m, in [0;36mtest_runs[0;34m()[0m
[1;32m      1[0m [38;5;129m@homemade_skip_decorator[39m([38;5;241m3.9[39m [38;5;241m<[39m [38;5;241m3.0[39m)
[1;32m      2[0m [38;5;28;01mdef[39;00m [38;5;21mtest_runs[39m():
[0;32m----> 3[0m     [38;5;28;01mraise[39;00m [38;5;167;01mRuntimeError[39;00m([38;5;124m"[39m[38;5;124mThis test is run[39m[38;5;124m"[39m)

[0;31mRuntimeError[0m: This test is run
RuntimeError: This test is run

